<?xml version="1.0" encoding="UTF-8"?>
<!-- Generated by org.testng.reporters.JUnitXMLReporter -->
<testsuite hostname="Cnu" name="User Registration" tests="2" failures="0" timestamp="2 Mar 2019 06:26:36 GMT" time="32.905" errors="0">
  <testcase name="register" time="0.362" classname="com.DataDriven.NewTours_NewUserRegistration_TestData"/>
  <testcase name="aNewuserRegistration" time="10.013" classname="com.DataDriven.NewTours_NewUserRegistration_TestData"/>
</testsuite> <!-- User Registration -->
