<?xml version="1.0" encoding="UTF-8"?>
<testng-results skipped="0" failed="0" total="3" passed="3">
  <reporter-output>
  </reporter-output>
  <suite name="NewTours" duration-ms="32905" started-at="2019-03-02T06:26:03Z" finished-at="2019-03-02T06:26:36Z">
    <groups>
    </groups>
    <test name="LogIn Test" duration-ms="28903" started-at="2019-03-02T06:26:03Z" finished-at="2019-03-02T06:26:32Z">
      <class name="com.DataDriven.NewTours_LogInTest">
        <test-method status="PASS" signature="setUp()[pri:0, instance:com.DataDriven.NewTours_LogInTest@51081592]" name="setUp" is-config="true" duration-ms="11235" started-at="2019-03-02T11:56:03Z" finished-at="2019-03-02T11:56:14Z">
          <reporter-output>
          </reporter-output>
        </test-method> <!-- setUp -->
        <test-method status="PASS" signature="logIn()[pri:0, instance:com.DataDriven.NewTours_LogInTest@51081592]" name="logIn" duration-ms="16549" started-at="2019-03-02T11:56:14Z" finished-at="2019-03-02T11:56:31Z">
          <reporter-output>
          </reporter-output>
        </test-method> <!-- logIn -->
        <test-method status="PASS" signature="tearDown()[pri:0, instance:com.DataDriven.NewTours_LogInTest@51081592]" name="tearDown" is-config="true" duration-ms="1081" started-at="2019-03-02T11:56:31Z" finished-at="2019-03-02T11:56:32Z">
          <reporter-output>
          </reporter-output>
        </test-method> <!-- tearDown -->
      </class> <!-- com.DataDriven.NewTours_LogInTest -->
    </test> <!-- LogIn Test -->
    <test name="User Registration" duration-ms="32905" started-at="2019-03-02T06:26:03Z" finished-at="2019-03-02T06:26:36Z">
      <class name="com.DataDriven.NewTours_NewUserRegistration_TestData">
        <test-method status="PASS" signature="setUp()[pri:0, instance:com.DataDriven.NewTours_NewUserRegistration_TestData@4678c730]" name="setUp" is-config="true" duration-ms="21952" started-at="2019-03-02T11:56:03Z" finished-at="2019-03-02T11:56:25Z">
          <reporter-output>
          </reporter-output>
        </test-method> <!-- setUp -->
        <test-method status="PASS" signature="register()[pri:0, instance:com.DataDriven.NewTours_NewUserRegistration_TestData@4678c730]" name="register" duration-ms="362" started-at="2019-03-02T11:56:25Z" finished-at="2019-03-02T11:56:25Z">
          <reporter-output>
          </reporter-output>
        </test-method> <!-- register -->
        <test-method status="PASS" signature="aNewuserRegistration()[pri:1, instance:com.DataDriven.NewTours_NewUserRegistration_TestData@4678c730]" name="aNewuserRegistration" duration-ms="10013" started-at="2019-03-02T11:56:26Z" finished-at="2019-03-02T11:56:36Z">
          <reporter-output>
          </reporter-output>
        </test-method> <!-- aNewuserRegistration -->
        <test-method status="PASS" signature="tearDown()[pri:0, instance:com.DataDriven.NewTours_NewUserRegistration_TestData@4678c730]" name="tearDown" is-config="true" duration-ms="558" started-at="2019-03-02T11:56:36Z" finished-at="2019-03-02T11:56:36Z">
          <reporter-output>
          </reporter-output>
        </test-method> <!-- tearDown -->
      </class> <!-- com.DataDriven.NewTours_NewUserRegistration_TestData -->
    </test> <!-- User Registration -->
  </suite> <!-- NewTours -->
</testng-results>
