<?xml version="1.0" encoding="UTF-8"?>
<testng-results skipped="0" failed="0" total="1" passed="1">
  <reporter-output>
  </reporter-output>
  <suite name="Default suite" duration-ms="12459" started-at="2019-02-21T05:52:37Z" finished-at="2019-02-21T05:52:49Z">
    <groups>
    </groups>
    <test name="Default test" duration-ms="12459" started-at="2019-02-21T05:52:37Z" finished-at="2019-02-21T05:52:49Z">
      <class name="com.OHRM.TestScripts.LogInTest">
        <test-method status="PASS" signature="logIn()[pri:0, instance:com.OHRM.TestScripts.LogInTest@50c87b21]" name="logIn" duration-ms="12431" started-at="2019-02-21T11:22:37Z" finished-at="2019-02-21T11:22:49Z">
          <reporter-output>
          </reporter-output>
        </test-method> <!-- logIn -->
      </class> <!-- com.OHRM.TestScripts.LogInTest -->
    </test> <!-- Default test -->
  </suite> <!-- Default suite -->
</testng-results>
