<?xml version="1.0" encoding="UTF-8"?>
<testng-results skipped="0" failed="0" total="1" passed="1">
  <reporter-output>
  </reporter-output>
  <suite name="Default suite" duration-ms="50734" started-at="2019-02-22T06:15:41Z" finished-at="2019-02-22T06:16:32Z">
    <groups>
    </groups>
    <test name="Default test" duration-ms="50734" started-at="2019-02-22T06:15:41Z" finished-at="2019-02-22T06:16:32Z">
      <class name="com.TestCases.TC_101">
        <test-method status="PASS" signature="setUp()[pri:0, instance:com.TestCases.TC_101@6cc4c815]" name="setUp" is-config="true" duration-ms="8642" started-at="2019-02-22T11:45:41Z" finished-at="2019-02-22T11:45:50Z">
          <reporter-output>
          </reporter-output>
        </test-method> <!-- setUp -->
        <test-method status="PASS" signature="newTours_HomePage()[pri:0, instance:com.TestCases.TC_101@6cc4c815]" name="newTours_HomePage" duration-ms="42072" started-at="2019-02-22T11:45:50Z" finished-at="2019-02-22T11:46:32Z">
          <reporter-output>
          </reporter-output>
        </test-method> <!-- newTours_HomePage -->
      </class> <!-- com.TestCases.TC_101 -->
    </test> <!-- Default test -->
  </suite> <!-- Default suite -->
</testng-results>
